[2m2024-01-09 13:37:30.339[0;39m [32m INFO[0;39m [35m3182662[0;39m [2m---[0;39m [2m[                main][0;39m [36mcom.gitbitex.Application                [0;39m [2m:[0;39m Starting Application v0.0.1-SNAPSHOT using Java 17.0.9 on ubuntu-s-4vcpu-8gb-tor1-01 with PID 3182662 (/root/javaorderbook/gitbitex-new/target/gitbitex-0.0.1-SNAPSHOT.jar started by root in /root/javaorderbook/gitbitex-new/target)
[2m2024-01-09 13:37:30.343[0;39m [32m INFO[0;39m [35m3182662[0;39m [2m---[0;39m [2m[                main][0;39m [36mcom.gitbitex.Application                [0;39m [2m:[0;39m No active profile set, falling back to 1 default profile: "default"
[2m2024-01-09 13:37:30.353[0;39m [32m INFO[0;39m [35m3182662[0;39m [2m---[0;39m [2m[  background-preinit][0;39m [36mo.h.validator.internal.util.Version     [0;39m [2m:[0;39m HV000001: Hibernate Validator 6.2.2.Final
[2m2024-01-09 13:37:32.378[0;39m [32m INFO[0;39m [35m3182662[0;39m [2m---[0;39m [2m[                main][0;39m [36mo.s.b.w.embedded.tomcat.TomcatWebServer [0;39m [2m:[0;39m Tomcat initialized with port(s): 80 (http)
[2m2024-01-09 13:37:32.391[0;39m [32m INFO[0;39m [35m3182662[0;39m [2m---[0;39m [2m[                main][0;39m [36mo.a.coyote.http11.Http11NioProtocol     [0;39m [2m:[0;39m Initializing ProtocolHandler ["http-nio-80"]
[2m2024-01-09 13:37:32.392[0;39m [32m INFO[0;39m [35m3182662[0;39m [2m---[0;39m [2m[                main][0;39m [36mo.apache.catalina.core.StandardService  [0;39m [2m:[0;39m Starting service [Tomcat]
[2m2024-01-09 13:37:32.392[0;39m [32m INFO[0;39m [35m3182662[0;39m [2m---[0;39m [2m[                main][0;39m [36morg.apache.catalina.core.StandardEngine [0;39m [2m:[0;39m Starting Servlet engine: [Apache Tomcat/9.0.58]
[2m2024-01-09 13:37:32.451[0;39m [32m INFO[0;39m [35m3182662[0;39m [2m---[0;39m [2m[                main][0;39m [36mo.a.c.c.C.[Tomcat].[localhost].[/]      [0;39m [2m:[0;39m Initializing Spring embedded WebApplicationContext
[2m2024-01-09 13:37:32.452[0;39m [32m INFO[0;39m [35m3182662[0;39m [2m---[0;39m [2m[                main][0;39m [36mw.s.c.ServletWebServerApplicationContext[0;39m [2m:[0;39m Root WebApplicationContext: initialization completed in 1983 ms
[2m2024-01-09 13:37:33.149[0;39m [32m INFO[0;39m [35m3182662[0;39m [2m---[0;39m [2m[                main][0;39m [36morg.redisson.Version                    [0;39m [2m:[0;39m Redisson 3.19.3
[2m2024-01-09 13:37:33.640[0;39m [32m INFO[0;39m [35m3182662[0;39m [2m---[0;39m [2m[  redisson-netty-2-7][0;39m [36mo.r.c.pool.MasterPubSubConnectionPool   [0;39m [2m:[0;39m 1 connections initialized for 127.0.0.1/127.0.0.1:6379
[2m2024-01-09 13:37:33.784[0;39m [32m INFO[0;39m [35m3182662[0;39m [2m---[0;39m [2m[ redisson-netty-2-19][0;39m [36mo.r.c.pool.MasterConnectionPool         [0;39m [2m:[0;39m 24 connections initialized for 127.0.0.1/127.0.0.1:6379
[2m2024-01-09 13:37:33.997[0;39m [32m INFO[0;39m [35m3182662[0;39m [2m---[0;39m [2m[                main][0;39m [36morg.mongodb.driver.cluster              [0;39m [2m:[0;39m Cluster created with settings {hosts=[mongo1:30001, mongo2:30002, mongo3:30003], mode=MULTIPLE, requiredClusterType=REPLICA_SET, serverSelectionTimeout='30000 ms', requiredReplicaSetName='my-replica-set'}
[2m2024-01-09 13:37:33.998[0;39m [32m INFO[0;39m [35m3182662[0;39m [2m---[0;39m [2m[                main][0;39m [36morg.mongodb.driver.cluster              [0;39m [2m:[0;39m Adding discovered server mongo1:30001 to client view of cluster
[2m2024-01-09 13:37:34.070[0;39m [32m INFO[0;39m [35m3182662[0;39m [2m---[0;39m [2m[                main][0;39m [36morg.mongodb.driver.cluster              [0;39m [2m:[0;39m Adding discovered server mongo2:30002 to client view of cluster
[2m2024-01-09 13:37:34.072[0;39m [32m INFO[0;39m [35m3182662[0;39m [2m---[0;39m [2m[                main][0;39m [36morg.mongodb.driver.cluster              [0;39m [2m:[0;39m Adding discovered server mongo3:30003 to client view of cluster
[2m2024-01-09 13:37:34.135[0;39m [32m INFO[0;39m [35m3182662[0;39m [2m---[0;39m [2m['null'}-mongo3:30003][0;39m [36morg.mongodb.driver.connection           [0;39m [2m:[0;39m Opened connection [connectionId{localValue:3, serverValue:92}] to mongo3:30003
[2m2024-01-09 13:37:34.136[0;39m [32m INFO[0;39m [35m3182662[0;39m [2m---[0;39m [2m['null'}-mongo2:30002][0;39m [36morg.mongodb.driver.connection           [0;39m [2m:[0;39m Opened connection [connectionId{localValue:2, serverValue:83}] to mongo2:30002
[2m2024-01-09 13:37:34.136[0;39m [32m INFO[0;39m [35m3182662[0;39m [2m---[0;39m [2m['null'}-mongo2:30002][0;39m [36morg.mongodb.driver.cluster              [0;39m [2m:[0;39m Monitor thread successfully connected to server with description ServerDescription{address=mongo2:30002, type=REPLICA_SET_SECONDARY, state=CONNECTED, ok=true, minWireVersion=0, maxWireVersion=13, maxDocumentSize=16777216, logicalSessionTimeoutMinutes=30, roundTripTimeNanos=38204456, setName='my-replica-set', canonicalAddress=mongo2:30002, hosts=[mongo1:30001, mongo2:30002, mongo3:30003], passives=[], arbiters=[], primary='mongo1:30001', tagSet=TagSet{[]}, electionId=null, setVersion=1, topologyVersion=TopologyVersion{processId=659d0a4042bcacf122dab3ff, counter=4}, lastWriteDate=Tue Jan 09 13:37:33 UTC 2024, lastUpdateTimeNanos=1107486687676159}
[2m2024-01-09 13:37:34.137[0;39m [32m INFO[0;39m [35m3182662[0;39m [2m---[0;39m [2m['null'}-mongo1:30001][0;39m [36morg.mongodb.driver.connection           [0;39m [2m:[0;39m Opened connection [connectionId{localValue:5, serverValue:1785}] to mongo1:30001
[2m2024-01-09 13:37:34.135[0;39m [32m INFO[0;39m [35m3182662[0;39m [2m---[0;39m [2m['null'}-mongo3:30003][0;39m [36morg.mongodb.driver.connection           [0;39m [2m:[0;39m Opened connection [connectionId{localValue:4, serverValue:91}] to mongo3:30003
[2m2024-01-09 13:37:34.136[0;39m [32m INFO[0;39m [35m3182662[0;39m [2m---[0;39m [2m['null'}-mongo1:30001][0;39m [36morg.mongodb.driver.connection           [0;39m [2m:[0;39m Opened connection [connectionId{localValue:6, serverValue:1786}] to mongo1:30001
[2m2024-01-09 13:37:34.140[0;39m [32m INFO[0;39m [35m3182662[0;39m [2m---[0;39m [2m['null'}-mongo1:30001][0;39m [36morg.mongodb.driver.cluster              [0;39m [2m:[0;39m Monitor thread successfully connected to server with description ServerDescription{address=mongo1:30001, type=REPLICA_SET_PRIMARY, state=CONNECTED, ok=true, minWireVersion=0, maxWireVersion=13, maxDocumentSize=16777216, logicalSessionTimeoutMinutes=30, roundTripTimeNanos=37896210, setName='my-replica-set', canonicalAddress=mongo1:30001, hosts=[mongo1:30001, mongo2:30002, mongo3:30003], passives=[], arbiters=[], primary='mongo1:30001', tagSet=TagSet{[]}, electionId=7fffffff0000000000000001, setVersion=1, topologyVersion=TopologyVersion{processId=659d0a4036444a03323f5e45, counter=6}, lastWriteDate=Tue Jan 09 13:37:33 UTC 2024, lastUpdateTimeNanos=1107486687755387}
[2m2024-01-09 13:37:34.140[0;39m [32m INFO[0;39m [35m3182662[0;39m [2m---[0;39m [2m['null'}-mongo3:30003][0;39m [36morg.mongodb.driver.cluster              [0;39m [2m:[0;39m Monitor thread successfully connected to server with description ServerDescription{address=mongo3:30003, type=REPLICA_SET_SECONDARY, state=CONNECTED, ok=true, minWireVersion=0, maxWireVersion=13, maxDocumentSize=16777216, logicalSessionTimeoutMinutes=30, roundTripTimeNanos=45506252, setName='my-replica-set', canonicalAddress=mongo3:30003, hosts=[mongo1:30001, mongo2:30002, mongo3:30003], passives=[], arbiters=[], primary='mongo1:30001', tagSet=TagSet{[]}, electionId=null, setVersion=1, topologyVersion=TopologyVersion{processId=659d0a401d8ae26ca38740a0, counter=4}, lastWriteDate=Tue Jan 09 13:37:33 UTC 2024, lastUpdateTimeNanos=1107486686333795}
[2m2024-01-09 13:37:34.141[0;39m [32m INFO[0;39m [35m3182662[0;39m [2m---[0;39m [2m['null'}-mongo2:30002][0;39m [36morg.mongodb.driver.connection           [0;39m [2m:[0;39m Opened connection [connectionId{localValue:1, serverValue:84}] to mongo2:30002
[2m2024-01-09 13:37:34.153[0;39m [32m INFO[0;39m [35m3182662[0;39m [2m---[0;39m [2m['null'}-mongo1:30001][0;39m [36morg.mongodb.driver.cluster              [0;39m [2m:[0;39m Setting max election id to 7fffffff0000000000000001 from replica set primary mongo1:30001
[2m2024-01-09 13:37:34.153[0;39m [32m INFO[0;39m [35m3182662[0;39m [2m---[0;39m [2m['null'}-mongo1:30001][0;39m [36morg.mongodb.driver.cluster              [0;39m [2m:[0;39m Setting max set version to 1 from replica set primary mongo1:30001
[2m2024-01-09 13:37:34.154[0;39m [32m INFO[0;39m [35m3182662[0;39m [2m---[0;39m [2m['null'}-mongo1:30001][0;39m [36morg.mongodb.driver.cluster              [0;39m [2m:[0;39m Discovered replica set primary mongo1:30001
[2m2024-01-09 13:37:34.196[0;39m [32m INFO[0;39m [35m3182662[0;39m [2m---[0;39m [2m[                main][0;39m [36morg.mongodb.driver.connection           [0;39m [2m:[0;39m Opened connection [connectionId{localValue:7, serverValue:1787}] to mongo1:30001
[2m2024-01-09 13:37:34.385[0;39m [32m INFO[0;39m [35m3182662[0;39m [2m---[0;39m [2m[   MatchingEngine-72][0;39m [36mc.g.matchingengine.MatchingEngineThread [0;39m [2m:[0;39m starting...
[2m2024-01-09 13:37:34.395[0;39m [32m INFO[0;39m [35m3182662[0;39m [2m---[0;39m [2m[            Order-73][0;39m [36mc.g.marketdata.OrderPersistenceThread   [0;39m [2m:[0;39m starting...
[2m2024-01-09 13:37:34.405[0;39m [32m INFO[0;39m [35m3182662[0;39m [2m---[0;39m [2m[           Trade1-74][0;39m [36mc.g.marketdata.TradePersistenceThread   [0;39m [2m:[0;39m starting...
[2m2024-01-09 13:37:34.417[0;39m [32m INFO[0;39m [35m3182662[0;39m [2m---[0;39m [2m[          Account-75][0;39m [36mc.g.marketdata.AccountPersistenceThread [0;39m [2m:[0;39m starting...
[2m2024-01-09 13:37:34.436[0;39m [32m INFO[0;39m [35m3182662[0;39m [2m---[0;39m [2m[     CandlerMaker-79][0;39m [36mc.gitbitex.marketdata.CandleMakerThread [0;39m [2m:[0;39m starting...
[2m2024-01-09 13:37:34.446[0;39m [32m INFO[0;39m [35m3182662[0;39m [2m---[0;39m [2m[           Ticker-81][0;39m [36mcom.gitbitex.marketdata.TickerThread    [0;39m [2m:[0;39m starting...
[2m2024-01-09 13:37:35.375[0;39m [32m INFO[0;39m [35m3182662[0;39m [2m---[0;39m [2m[                main][0;39m [36mo.s.b.a.w.s.WelcomePageHandlerMapping   [0;39m [2m:[0;39m Adding welcome page: class path resource [static/index.html]
[2m2024-01-09 13:37:35.681[0;39m [32m INFO[0;39m [35m3182662[0;39m [2m---[0;39m [2m[                main][0;39m [36mo.a.coyote.http11.Http11NioProtocol     [0;39m [2m:[0;39m Starting ProtocolHandler ["http-nio-80"]
[2m2024-01-09 13:37:35.711[0;39m [32m INFO[0;39m [35m3182662[0;39m [2m---[0;39m [2m[                main][0;39m [36mo.s.b.w.embedded.tomcat.TomcatWebServer [0;39m [2m:[0;39m Tomcat started on port(s): 80 (http) with context path ''
[2m2024-01-09 13:37:35.813[0;39m [32m INFO[0;39m [35m3182662[0;39m [2m---[0;39m [2m[                main][0;39m [36mo.s.b.w.embedded.tomcat.TomcatWebServer [0;39m [2m:[0;39m Tomcat initialized with port(s): 7002 (http)
[2m2024-01-09 13:37:35.815[0;39m [32m INFO[0;39m [35m3182662[0;39m [2m---[0;39m [2m[                main][0;39m [36mo.a.coyote.http11.Http11NioProtocol     [0;39m [2m:[0;39m Initializing ProtocolHandler ["http-nio-7002"]
[2m2024-01-09 13:37:35.815[0;39m [32m INFO[0;39m [35m3182662[0;39m [2m---[0;39m [2m[                main][0;39m [36mo.apache.catalina.core.StandardService  [0;39m [2m:[0;39m Starting service [Tomcat]
[2m2024-01-09 13:37:35.815[0;39m [32m INFO[0;39m [35m3182662[0;39m [2m---[0;39m [2m[                main][0;39m [36morg.apache.catalina.core.StandardEngine [0;39m [2m:[0;39m Starting Servlet engine: [Apache Tomcat/9.0.58]
[2m2024-01-09 13:37:35.819[0;39m [32m INFO[0;39m [35m3182662[0;39m [2m---[0;39m [2m[                main][0;39m [36mo.a.c.c.C.[Tomcat-1].[localhost].[/]    [0;39m [2m:[0;39m Initializing Spring embedded WebApplicationContext
[2m2024-01-09 13:37:35.819[0;39m [32m INFO[0;39m [35m3182662[0;39m [2m---[0;39m [2m[                main][0;39m [36mw.s.c.ServletWebServerApplicationContext[0;39m [2m:[0;39m Root WebApplicationContext: initialization completed in 101 ms
[2m2024-01-09 13:37:35.838[0;39m [32m INFO[0;39m [35m3182662[0;39m [2m---[0;39m [2m[                main][0;39m [36mo.s.b.a.e.web.EndpointLinksResolver     [0;39m [2m:[0;39m Exposing 3 endpoint(s) beneath base path '/actuator'
[2m2024-01-09 13:37:35.897[0;39m [32m INFO[0;39m [35m3182662[0;39m [2m---[0;39m [2m[                main][0;39m [36mo.a.coyote.http11.Http11NioProtocol     [0;39m [2m:[0;39m Starting ProtocolHandler ["http-nio-7002"]
[2m2024-01-09 13:37:35.917[0;39m [32m INFO[0;39m [35m3182662[0;39m [2m---[0;39m [2m[                main][0;39m [36mo.s.b.w.embedded.tomcat.TomcatWebServer [0;39m [2m:[0;39m Tomcat started on port(s): 7002 (http) with context path ''
[2m2024-01-09 13:37:35.936[0;39m [32m INFO[0;39m [35m3182662[0;39m [2m---[0;39m [2m[                main][0;39m [36mcom.gitbitex.Application                [0;39m [2m:[0;39m Started Application in 6.125 seconds (JVM running for 6.855)
[2m2024-01-09 13:37:37.467[0;39m [32m INFO[0;39m [35m3182662[0;39m [2m---[0;39m [2m[           Trade1-74][0;39m [36mc.g.marketdata.TradePersistenceThread   [0;39m [2m:[0;39m partition assigned: trade-0
[2m2024-01-09 13:37:37.467[0;39m [32m INFO[0;39m [35m3182662[0;39m [2m---[0;39m [2m[   MatchingEngine-72][0;39m [36mc.g.matchingengine.MatchingEngineThread [0;39m [2m:[0;39m partition assigned: matching-engine-command-0
[2m2024-01-09 13:37:37.468[0;39m [32m INFO[0;39m [35m3182662[0;39m [2m---[0;39m [2m[            Order-73][0;39m [36mc.g.marketdata.OrderPersistenceThread   [0;39m [2m:[0;39m partition assigned: order-0
[2m2024-01-09 13:37:37.473[0;39m [32m INFO[0;39m [35m3182662[0;39m [2m---[0;39m [2m[          Account-75][0;39m [36mc.g.marketdata.AccountPersistenceThread [0;39m [2m:[0;39m partition assigned: account-0
[2m2024-01-09 13:37:37.479[0;39m [32m INFO[0;39m [35m3182662[0;39m [2m---[0;39m [2m[     CandlerMaker-79][0;39m [36mc.gitbitex.marketdata.CandleMakerThread [0;39m [2m:[0;39m partition assigned: trade-0
[2m2024-01-09 13:37:37.485[0;39m [32m INFO[0;39m [35m3182662[0;39m [2m---[0;39m [2m[           Ticker-81][0;39m [36mcom.gitbitex.marketdata.TickerThread    [0;39m [2m:[0;39m partition assigned: trade-0
[2m2024-01-09 13:37:53.821[0;39m [32m INFO[0;39m [35m3182662[0;39m [2m---[0;39m [2m[  http-nio-80-exec-1][0;39m [36mo.a.c.c.C.[Tomcat].[localhost].[/]      [0;39m [2m:[0;39m Initializing Spring DispatcherServlet 'dispatcherServlet'
[2m2024-01-09 13:37:53.821[0;39m [32m INFO[0;39m [35m3182662[0;39m [2m---[0;39m [2m[  http-nio-80-exec-1][0;39m [36mo.s.web.servlet.DispatcherServlet       [0;39m [2m:[0;39m Initializing Servlet 'dispatcherServlet'
[2m2024-01-09 13:37:53.824[0;39m [32m INFO[0;39m [35m3182662[0;39m [2m---[0;39m [2m[  http-nio-80-exec-1][0;39m [36mo.s.web.servlet.DispatcherServlet       [0;39m [2m:[0;39m Completed initialization in 3 ms
[2m2024-01-09 13:37:57.558[0;39m [32m INFO[0;39m [35m3182662[0;39m [2m---[0;39m [2m[  http-nio-80-exec-9][0;39m [36morg.mongodb.driver.connection           [0;39m [2m:[0;39m Opened connection [connectionId{localValue:9, serverValue:1790}] to mongo1:30001
[2m2024-01-09 13:37:58.590[0;39m [32m INFO[0;39m [35m3182662[0;39m [2m---[0;39m [2m[ http-nio-80-exec-10][0;39m [36mo.springdoc.api.AbstractOpenApiResource [0;39m [2m:[0;39m Init duration for springdoc-openapi is: 681 ms
[2m2024-01-09 13:38:06.388[0;39m [31mERROR[0;39m [35m3182662[0;39m [2m---[0;39m [2m[  http-nio-80-exec-1][0;39m [36mcom.gitbitex.openapi.ExceptionAdvise    [0;39m [2m:[0;39m http error: 401 UNAUTHORIZED "user not found" /api/users/accessToken
[2m2024-01-09 13:38:43.855[0;39m [31mERROR[0;39m [35m3182662[0;39m [2m---[0;39m [2m[  http-nio-80-exec-6][0;39m [36mcom.gitbitex.openapi.ExceptionAdvise    [0;39m [2m:[0;39m http error: 401 UNAUTHORIZED "This is not an admin" /api/admin/deposit
[2m2024-01-09 13:39:03.072[0;39m [32m INFO[0;39m [35m3182662[0;39m [2m---[0;39m [2m[          Account-75][0;39m [36mc.g.marketdata.AccountPersistenceThread [0;39m [2m:[0;39m saved 1 account(s) (48ms)
[2m2024-01-09 13:39:04.392[0;39m [32m INFO[0;39m [35m3182662[0;39m [2m---[0;39m [2m[ngineSnapshotTaker-0][0;39m [36mc.g.matchingengine.EngineSnapshotTaker  [0;39m [2m:[0;39m state saved: commandOffset=0, 1 account(s), 0 order(s), 0 product(s) (101ms)
[2m2024-01-09 13:39:39.440[0;39m [32m INFO[0;39m [35m3182662[0;39m [2m---[0;39m [2m[ngineSnapshotTaker-0][0;39m [36mc.g.matchingengine.EngineSnapshotTaker  [0;39m [2m:[0;39m state saved: commandOffset=1, 0 account(s), 0 order(s), 1 product(s) (42ms)
[2m2024-01-09 13:40:33.286[0;39m [31mERROR[0;39m [35m3182662[0;39m [2m---[0;39m [2m[  http-nio-80-exec-3][0;39m [36mcom.gitbitex.openapi.ExceptionAdvise    [0;39m [2m:[0;39m http error: 401 UNAUTHORIZED "This is not admin" /api/admin/products
[2m2024-01-09 13:40:38.118[0;39m [31mERROR[0;39m [35m3182662[0;39m [2m---[0;39m [2m[  http-nio-80-exec-2][0;39m [36mcom.gitbitex.openapi.ExceptionAdvise    [0;39m [2m:[0;39m http error: 401 UNAUTHORIZED "This is not an admin" /api/admin/deposit
[2m2024-01-09 13:41:26.083[0;39m [31mERROR[0;39m [35m3182662[0;39m [2m---[0;39m [2m[  http-nio-80-exec-9][0;39m [36mcom.gitbitex.openapi.ExceptionAdvise    [0;39m [2m:[0;39m http error

java.lang.IllegalArgumentException: No enum constant com.gitbitex.enums.OrderType.STRING
	at java.base/java.lang.Enum.valueOf(Enum.java:273)
	at com.gitbitex.enums.OrderType.valueOf(OrderType.java:3)
	at com.gitbitex.openapi.controller.OrderController.placeOrder(OrderController.java:50)
	at java.base/jdk.internal.reflect.NativeMethodAccessorImpl.invoke0(Native Method)
	at java.base/jdk.internal.reflect.NativeMethodAccessorImpl.invoke(NativeMethodAccessorImpl.java:77)
	at java.base/jdk.internal.reflect.DelegatingMethodAccessorImpl.invoke(DelegatingMethodAccessorImpl.java:43)
	at java.base/java.lang.reflect.Method.invoke(Method.java:568)
	at org.springframework.web.method.support.InvocableHandlerMethod.doInvoke(InvocableHandlerMethod.java:205)
	at org.springframework.web.method.support.InvocableHandlerMethod.invokeForRequest(InvocableHandlerMethod.java:150)
	at org.springframework.web.servlet.mvc.method.annotation.ServletInvocableHandlerMethod.invokeAndHandle(ServletInvocableHandlerMethod.java:117)
	at org.springframework.web.servlet.mvc.method.annotation.RequestMappingHandlerAdapter.invokeHandlerMethod(RequestMappingHandlerAdapter.java:895)
	at org.springframework.web.servlet.mvc.method.annotation.RequestMappingHandlerAdapter.handleInternal(RequestMappingHandlerAdapter.java:808)
	at org.springframework.web.servlet.mvc.method.AbstractHandlerMethodAdapter.handle(AbstractHandlerMethodAdapter.java:87)
	at org.springframework.web.servlet.DispatcherServlet.doDispatch(DispatcherServlet.java:1067)
	at org.springframework.web.servlet.DispatcherServlet.doService(DispatcherServlet.java:963)
	at org.springframework.web.servlet.FrameworkServlet.processRequest(FrameworkServlet.java:1006)
	at org.springframework.web.servlet.FrameworkServlet.doPost(FrameworkServlet.java:909)
	at javax.servlet.http.HttpServlet.service(HttpServlet.java:681)
	at org.springframework.web.servlet.FrameworkServlet.service(FrameworkServlet.java:883)
	at javax.servlet.http.HttpServlet.service(HttpServlet.java:764)
	at org.apache.catalina.core.ApplicationFilterChain.internalDoFilter(ApplicationFilterChain.java:227)
	at org.apache.catalina.core.ApplicationFilterChain.doFilter(ApplicationFilterChain.java:162)
	at org.apache.tomcat.websocket.server.WsFilter.doFilter(WsFilter.java:53)
	at org.apache.catalina.core.ApplicationFilterChain.internalDoFilter(ApplicationFilterChain.java:189)
	at org.apache.catalina.core.ApplicationFilterChain.doFilter(ApplicationFilterChain.java:162)
	at org.springframework.web.filter.RequestContextFilter.doFilterInternal(RequestContextFilter.java:100)
	at org.springframework.web.filter.OncePerRequestFilter.doFilter(OncePerRequestFilter.java:117)
	at org.apache.catalina.core.ApplicationFilterChain.internalDoFilter(ApplicationFilterChain.java:189)
	at org.apache.catalina.core.ApplicationFilterChain.doFilter(ApplicationFilterChain.java:162)
	at org.springframework.web.filter.FormContentFilter.doFilterInternal(FormContentFilter.java:93)
	at org.springframework.web.filter.OncePerRequestFilter.doFilter(OncePerRequestFilter.java:117)
	at org.apache.catalina.core.ApplicationFilterChain.internalDoFilter(ApplicationFilterChain.java:189)
	at org.apache.catalina.core.ApplicationFilterChain.doFilter(ApplicationFilterChain.java:162)
	at org.springframework.boot.actuate.metrics.web.servlet.WebMvcMetricsFilter.doFilterInternal(WebMvcMetricsFilter.java:96)
	at org.springframework.web.filter.OncePerRequestFilter.doFilter(OncePerRequestFilter.java:117)
	at org.apache.catalina.core.ApplicationFilterChain.internalDoFilter(ApplicationFilterChain.java:189)
	at org.apache.catalina.core.ApplicationFilterChain.doFilter(ApplicationFilterChain.java:162)
	at org.springframework.web.filter.CharacterEncodingFilter.doFilterInternal(CharacterEncodingFilter.java:201)
	at org.springframework.web.filter.OncePerRequestFilter.doFilter(OncePerRequestFilter.java:117)
	at org.apache.catalina.core.ApplicationFilterChain.internalDoFilter(ApplicationFilterChain.java:189)
	at org.apache.catalina.core.ApplicationFilterChain.doFilter(ApplicationFilterChain.java:162)
	at org.apache.catalina.core.StandardWrapperValve.invoke(StandardWrapperValve.java:197)
	at org.apache.catalina.core.StandardContextValve.invoke(StandardContextValve.java:97)
	at org.apache.catalina.authenticator.AuthenticatorBase.invoke(AuthenticatorBase.java:540)
	at org.apache.catalina.core.StandardHostValve.invoke(StandardHostValve.java:135)
	at org.apache.catalina.valves.ErrorReportValve.invoke(ErrorReportValve.java:92)
	at org.apache.catalina.core.StandardEngineValve.invoke(StandardEngineValve.java:78)
	at org.apache.catalina.connector.CoyoteAdapter.service(CoyoteAdapter.java:359)
	at org.apache.coyote.http11.Http11Processor.service(Http11Processor.java:399)
	at org.apache.coyote.AbstractProcessorLight.process(AbstractProcessorLight.java:65)
	at org.apache.coyote.AbstractProtocol$ConnectionHandler.process(AbstractProtocol.java:889)
	at org.apache.tomcat.util.net.NioEndpoint$SocketProcessor.doRun(NioEndpoint.java:1735)
	at org.apache.tomcat.util.net.SocketProcessorBase.run(SocketProcessorBase.java:49)
	at org.apache.tomcat.util.threads.ThreadPoolExecutor.runWorker(ThreadPoolExecutor.java:1191)
	at org.apache.tomcat.util.threads.ThreadPoolExecutor$Worker.run(ThreadPoolExecutor.java:659)
	at org.apache.tomcat.util.threads.TaskThread$WrappingRunnable.run(TaskThread.java:61)
	at java.base/java.lang.Thread.run(Thread.java:840)

[2m2024-01-09 13:41:39.457[0;39m [31mERROR[0;39m [35m3182662[0;39m [2m---[0;39m [2m[  http-nio-80-exec-7][0;39m [36mcom.gitbitex.openapi.ExceptionAdvise    [0;39m [2m:[0;39m http error

java.lang.IllegalArgumentException: No enum constant com.gitbitex.enums.OrderType.STRING
	at java.base/java.lang.Enum.valueOf(Enum.java:273)
	at com.gitbitex.enums.OrderType.valueOf(OrderType.java:3)
	at com.gitbitex.openapi.controller.OrderController.placeOrder(OrderController.java:50)
	at java.base/jdk.internal.reflect.NativeMethodAccessorImpl.invoke0(Native Method)
	at java.base/jdk.internal.reflect.NativeMethodAccessorImpl.invoke(NativeMethodAccessorImpl.java:77)
	at java.base/jdk.internal.reflect.DelegatingMethodAccessorImpl.invoke(DelegatingMethodAccessorImpl.java:43)
	at java.base/java.lang.reflect.Method.invoke(Method.java:568)
	at org.springframework.web.method.support.InvocableHandlerMethod.doInvoke(InvocableHandlerMethod.java:205)
	at org.springframework.web.method.support.InvocableHandlerMethod.invokeForRequest(InvocableHandlerMethod.java:150)
	at org.springframework.web.servlet.mvc.method.annotation.ServletInvocableHandlerMethod.invokeAndHandle(ServletInvocableHandlerMethod.java:117)
	at org.springframework.web.servlet.mvc.method.annotation.RequestMappingHandlerAdapter.invokeHandlerMethod(RequestMappingHandlerAdapter.java:895)
	at org.springframework.web.servlet.mvc.method.annotation.RequestMappingHandlerAdapter.handleInternal(RequestMappingHandlerAdapter.java:808)
	at org.springframework.web.servlet.mvc.method.AbstractHandlerMethodAdapter.handle(AbstractHandlerMethodAdapter.java:87)
	at org.springframework.web.servlet.DispatcherServlet.doDispatch(DispatcherServlet.java:1067)
	at org.springframework.web.servlet.DispatcherServlet.doService(DispatcherServlet.java:963)
	at org.springframework.web.servlet.FrameworkServlet.processRequest(FrameworkServlet.java:1006)
	at org.springframework.web.servlet.FrameworkServlet.doPost(FrameworkServlet.java:909)
	at javax.servlet.http.HttpServlet.service(HttpServlet.java:681)
	at org.springframework.web.servlet.FrameworkServlet.service(FrameworkServlet.java:883)
	at javax.servlet.http.HttpServlet.service(HttpServlet.java:764)
	at org.apache.catalina.core.ApplicationFilterChain.internalDoFilter(ApplicationFilterChain.java:227)
	at org.apache.catalina.core.ApplicationFilterChain.doFilter(ApplicationFilterChain.java:162)
	at org.apache.tomcat.websocket.server.WsFilter.doFilter(WsFilter.java:53)
	at org.apache.catalina.core.ApplicationFilterChain.internalDoFilter(ApplicationFilterChain.java:189)
	at org.apache.catalina.core.ApplicationFilterChain.doFilter(ApplicationFilterChain.java:162)
	at org.springframework.web.filter.RequestContextFilter.doFilterInternal(RequestContextFilter.java:100)
	at org.springframework.web.filter.OncePerRequestFilter.doFilter(OncePerRequestFilter.java:117)
	at org.apache.catalina.core.ApplicationFilterChain.internalDoFilter(ApplicationFilterChain.java:189)
	at org.apache.catalina.core.ApplicationFilterChain.doFilter(ApplicationFilterChain.java:162)
	at org.springframework.web.filter.FormContentFilter.doFilterInternal(FormContentFilter.java:93)
	at org.springframework.web.filter.OncePerRequestFilter.doFilter(OncePerRequestFilter.java:117)
	at org.apache.catalina.core.ApplicationFilterChain.internalDoFilter(ApplicationFilterChain.java:189)
	at org.apache.catalina.core.ApplicationFilterChain.doFilter(ApplicationFilterChain.java:162)
	at org.springframework.boot.actuate.metrics.web.servlet.WebMvcMetricsFilter.doFilterInternal(WebMvcMetricsFilter.java:96)
	at org.springframework.web.filter.OncePerRequestFilter.doFilter(OncePerRequestFilter.java:117)
	at org.apache.catalina.core.ApplicationFilterChain.internalDoFilter(ApplicationFilterChain.java:189)
	at org.apache.catalina.core.ApplicationFilterChain.doFilter(ApplicationFilterChain.java:162)
	at org.springframework.web.filter.CharacterEncodingFilter.doFilterInternal(CharacterEncodingFilter.java:201)
	at org.springframework.web.filter.OncePerRequestFilter.doFilter(OncePerRequestFilter.java:117)
	at org.apache.catalina.core.ApplicationFilterChain.internalDoFilter(ApplicationFilterChain.java:189)
	at org.apache.catalina.core.ApplicationFilterChain.doFilter(ApplicationFilterChain.java:162)
	at org.apache.catalina.core.StandardWrapperValve.invoke(StandardWrapperValve.java:197)
	at org.apache.catalina.core.StandardContextValve.invoke(StandardContextValve.java:97)
	at org.apache.catalina.authenticator.AuthenticatorBase.invoke(AuthenticatorBase.java:540)
	at org.apache.catalina.core.StandardHostValve.invoke(StandardHostValve.java:135)
	at org.apache.catalina.valves.ErrorReportValve.invoke(ErrorReportValve.java:92)
	at org.apache.catalina.core.StandardEngineValve.invoke(StandardEngineValve.java:78)
	at org.apache.catalina.connector.CoyoteAdapter.service(CoyoteAdapter.java:359)
	at org.apache.coyote.http11.Http11Processor.service(Http11Processor.java:399)
	at org.apache.coyote.AbstractProcessorLight.process(AbstractProcessorLight.java:65)
	at org.apache.coyote.AbstractProtocol$ConnectionHandler.process(AbstractProtocol.java:889)
	at org.apache.tomcat.util.net.NioEndpoint$SocketProcessor.doRun(NioEndpoint.java:1735)
	at org.apache.tomcat.util.net.SocketProcessorBase.run(SocketProcessorBase.java:49)
	at org.apache.tomcat.util.threads.ThreadPoolExecutor.runWorker(ThreadPoolExecutor.java:1191)
	at org.apache.tomcat.util.threads.ThreadPoolExecutor$Worker.run(ThreadPoolExecutor.java:659)
	at org.apache.tomcat.util.threads.TaskThread$WrappingRunnable.run(TaskThread.java:61)
	at java.base/java.lang.Thread.run(Thread.java:840)

[2m2024-01-09 13:42:16.754[0;39m [31mERROR[0;39m [35m3182662[0;39m [2m---[0;39m [2m[  http-nio-80-exec-8][0;39m [36mcom.gitbitex.openapi.ExceptionAdvise    [0;39m [2m:[0;39m http error

java.lang.IllegalArgumentException: No enum constant com.gitbitex.enums.OrderType.STRING
	at java.base/java.lang.Enum.valueOf(Enum.java:273)
	at com.gitbitex.enums.OrderType.valueOf(OrderType.java:3)
	at com.gitbitex.openapi.controller.OrderController.placeOrder(OrderController.java:50)
	at java.base/jdk.internal.reflect.NativeMethodAccessorImpl.invoke0(Native Method)
	at java.base/jdk.internal.reflect.NativeMethodAccessorImpl.invoke(NativeMethodAccessorImpl.java:77)
	at java.base/jdk.internal.reflect.DelegatingMethodAccessorImpl.invoke(DelegatingMethodAccessorImpl.java:43)
	at java.base/java.lang.reflect.Method.invoke(Method.java:568)
	at org.springframework.web.method.support.InvocableHandlerMethod.doInvoke(InvocableHandlerMethod.java:205)
	at org.springframework.web.method.support.InvocableHandlerMethod.invokeForRequest(InvocableHandlerMethod.java:150)
	at org.springframework.web.servlet.mvc.method.annotation.ServletInvocableHandlerMethod.invokeAndHandle(ServletInvocableHandlerMethod.java:117)
	at org.springframework.web.servlet.mvc.method.annotation.RequestMappingHandlerAdapter.invokeHandlerMethod(RequestMappingHandlerAdapter.java:895)
	at org.springframework.web.servlet.mvc.method.annotation.RequestMappingHandlerAdapter.handleInternal(RequestMappingHandlerAdapter.java:808)
	at org.springframework.web.servlet.mvc.method.AbstractHandlerMethodAdapter.handle(AbstractHandlerMethodAdapter.java:87)
	at org.springframework.web.servlet.DispatcherServlet.doDispatch(DispatcherServlet.java:1067)
	at org.springframework.web.servlet.DispatcherServlet.doService(DispatcherServlet.java:963)
	at org.springframework.web.servlet.FrameworkServlet.processRequest(FrameworkServlet.java:1006)
	at org.springframework.web.servlet.FrameworkServlet.doPost(FrameworkServlet.java:909)
	at javax.servlet.http.HttpServlet.service(HttpServlet.java:681)
	at org.springframework.web.servlet.FrameworkServlet.service(FrameworkServlet.java:883)
	at javax.servlet.http.HttpServlet.service(HttpServlet.java:764)
	at org.apache.catalina.core.ApplicationFilterChain.internalDoFilter(ApplicationFilterChain.java:227)
	at org.apache.catalina.core.ApplicationFilterChain.doFilter(ApplicationFilterChain.java:162)
	at org.apache.tomcat.websocket.server.WsFilter.doFilter(WsFilter.java:53)
	at org.apache.catalina.core.ApplicationFilterChain.internalDoFilter(ApplicationFilterChain.java:189)
	at org.apache.catalina.core.ApplicationFilterChain.doFilter(ApplicationFilterChain.java:162)
	at org.springframework.web.filter.RequestContextFilter.doFilterInternal(RequestContextFilter.java:100)
	at org.springframework.web.filter.OncePerRequestFilter.doFilter(OncePerRequestFilter.java:117)
	at org.apache.catalina.core.ApplicationFilterChain.internalDoFilter(ApplicationFilterChain.java:189)
	at org.apache.catalina.core.ApplicationFilterChain.doFilter(ApplicationFilterChain.java:162)
	at org.springframework.web.filter.FormContentFilter.doFilterInternal(FormContentFilter.java:93)
	at org.springframework.web.filter.OncePerRequestFilter.doFilter(OncePerRequestFilter.java:117)
	at org.apache.catalina.core.ApplicationFilterChain.internalDoFilter(ApplicationFilterChain.java:189)
	at org.apache.catalina.core.ApplicationFilterChain.doFilter(ApplicationFilterChain.java:162)
	at org.springframework.boot.actuate.metrics.web.servlet.WebMvcMetricsFilter.doFilterInternal(WebMvcMetricsFilter.java:96)
	at org.springframework.web.filter.OncePerRequestFilter.doFilter(OncePerRequestFilter.java:117)
	at org.apache.catalina.core.ApplicationFilterChain.internalDoFilter(ApplicationFilterChain.java:189)
	at org.apache.catalina.core.ApplicationFilterChain.doFilter(ApplicationFilterChain.java:162)
	at org.springframework.web.filter.CharacterEncodingFilter.doFilterInternal(CharacterEncodingFilter.java:201)
	at org.springframework.web.filter.OncePerRequestFilter.doFilter(OncePerRequestFilter.java:117)
	at org.apache.catalina.core.ApplicationFilterChain.internalDoFilter(ApplicationFilterChain.java:189)
	at org.apache.catalina.core.ApplicationFilterChain.doFilter(ApplicationFilterChain.java:162)
	at org.apache.catalina.core.StandardWrapperValve.invoke(StandardWrapperValve.java:197)
	at org.apache.catalina.core.StandardContextValve.invoke(StandardContextValve.java:97)
	at org.apache.catalina.authenticator.AuthenticatorBase.invoke(AuthenticatorBase.java:540)
	at org.apache.catalina.core.StandardHostValve.invoke(StandardHostValve.java:135)
	at org.apache.catalina.valves.ErrorReportValve.invoke(ErrorReportValve.java:92)
	at org.apache.catalina.core.StandardEngineValve.invoke(StandardEngineValve.java:78)
	at org.apache.catalina.connector.CoyoteAdapter.service(CoyoteAdapter.java:359)
	at org.apache.coyote.http11.Http11Processor.service(Http11Processor.java:399)
	at org.apache.coyote.AbstractProcessorLight.process(AbstractProcessorLight.java:65)
	at org.apache.coyote.AbstractProtocol$ConnectionHandler.process(AbstractProtocol.java:889)
	at org.apache.tomcat.util.net.NioEndpoint$SocketProcessor.doRun(NioEndpoint.java:1735)
	at org.apache.tomcat.util.net.SocketProcessorBase.run(SocketProcessorBase.java:49)
	at org.apache.tomcat.util.threads.ThreadPoolExecutor.runWorker(ThreadPoolExecutor.java:1191)
	at org.apache.tomcat.util.threads.ThreadPoolExecutor$Worker.run(ThreadPoolExecutor.java:659)
	at org.apache.tomcat.util.threads.TaskThread$WrappingRunnable.run(TaskThread.java:61)
	at java.base/java.lang.Thread.run(Thread.java:840)

[2m2024-01-09 13:42:34.621[0;39m [31mERROR[0;39m [35m3182662[0;39m [2m---[0;39m [2m[  http-nio-80-exec-1][0;39m [36mcom.gitbitex.openapi.ExceptionAdvise    [0;39m [2m:[0;39m http error

java.lang.IllegalArgumentException: No enum constant com.gitbitex.enums.OrderSide.STRING
	at java.base/java.lang.Enum.valueOf(Enum.java:273)
	at com.gitbitex.enums.OrderSide.valueOf(OrderSide.java:3)
	at com.gitbitex.openapi.controller.OrderController.placeOrder(OrderController.java:51)
	at java.base/jdk.internal.reflect.NativeMethodAccessorImpl.invoke0(Native Method)
	at java.base/jdk.internal.reflect.NativeMethodAccessorImpl.invoke(NativeMethodAccessorImpl.java:77)
	at java.base/jdk.internal.reflect.DelegatingMethodAccessorImpl.invoke(DelegatingMethodAccessorImpl.java:43)
	at java.base/java.lang.reflect.Method.invoke(Method.java:568)
	at org.springframework.web.method.support.InvocableHandlerMethod.doInvoke(InvocableHandlerMethod.java:205)
	at org.springframework.web.method.support.InvocableHandlerMethod.invokeForRequest(InvocableHandlerMethod.java:150)
	at org.springframework.web.servlet.mvc.method.annotation.ServletInvocableHandlerMethod.invokeAndHandle(ServletInvocableHandlerMethod.java:117)
	at org.springframework.web.servlet.mvc.method.annotation.RequestMappingHandlerAdapter.invokeHandlerMethod(RequestMappingHandlerAdapter.java:895)
	at org.springframework.web.servlet.mvc.method.annotation.RequestMappingHandlerAdapter.handleInternal(RequestMappingHandlerAdapter.java:808)
	at org.springframework.web.servlet.mvc.method.AbstractHandlerMethodAdapter.handle(AbstractHandlerMethodAdapter.java:87)
	at org.springframework.web.servlet.DispatcherServlet.doDispatch(DispatcherServlet.java:1067)
	at org.springframework.web.servlet.DispatcherServlet.doService(DispatcherServlet.java:963)
	at org.springframework.web.servlet.FrameworkServlet.processRequest(FrameworkServlet.java:1006)
	at org.springframework.web.servlet.FrameworkServlet.doPost(FrameworkServlet.java:909)
	at javax.servlet.http.HttpServlet.service(HttpServlet.java:681)
	at org.springframework.web.servlet.FrameworkServlet.service(FrameworkServlet.java:883)
	at javax.servlet.http.HttpServlet.service(HttpServlet.java:764)
	at org.apache.catalina.core.ApplicationFilterChain.internalDoFilter(ApplicationFilterChain.java:227)
	at org.apache.catalina.core.ApplicationFilterChain.doFilter(ApplicationFilterChain.java:162)
	at org.apache.tomcat.websocket.server.WsFilter.doFilter(WsFilter.java:53)
	at org.apache.catalina.core.ApplicationFilterChain.internalDoFilter(ApplicationFilterChain.java:189)
	at org.apache.catalina.core.ApplicationFilterChain.doFilter(ApplicationFilterChain.java:162)
	at org.springframework.web.filter.RequestContextFilter.doFilterInternal(RequestContextFilter.java:100)
	at org.springframework.web.filter.OncePerRequestFilter.doFilter(OncePerRequestFilter.java:117)
	at org.apache.catalina.core.ApplicationFilterChain.internalDoFilter(ApplicationFilterChain.java:189)
	at org.apache.catalina.core.ApplicationFilterChain.doFilter(ApplicationFilterChain.java:162)
	at org.springframework.web.filter.FormContentFilter.doFilterInternal(FormContentFilter.java:93)
	at org.springframework.web.filter.OncePerRequestFilter.doFilter(OncePerRequestFilter.java:117)
	at org.apache.catalina.core.ApplicationFilterChain.internalDoFilter(ApplicationFilterChain.java:189)
	at org.apache.catalina.core.ApplicationFilterChain.doFilter(ApplicationFilterChain.java:162)
	at org.springframework.boot.actuate.metrics.web.servlet.WebMvcMetricsFilter.doFilterInternal(WebMvcMetricsFilter.java:96)
	at org.springframework.web.filter.OncePerRequestFilter.doFilter(OncePerRequestFilter.java:117)
	at org.apache.catalina.core.ApplicationFilterChain.internalDoFilter(ApplicationFilterChain.java:189)
	at org.apache.catalina.core.ApplicationFilterChain.doFilter(ApplicationFilterChain.java:162)
	at org.springframework.web.filter.CharacterEncodingFilter.doFilterInternal(CharacterEncodingFilter.java:201)
	at org.springframework.web.filter.OncePerRequestFilter.doFilter(OncePerRequestFilter.java:117)
	at org.apache.catalina.core.ApplicationFilterChain.internalDoFilter(ApplicationFilterChain.java:189)
	at org.apache.catalina.core.ApplicationFilterChain.doFilter(ApplicationFilterChain.java:162)
	at org.apache.catalina.core.StandardWrapperValve.invoke(StandardWrapperValve.java:197)
	at org.apache.catalina.core.StandardContextValve.invoke(StandardContextValve.java:97)
	at org.apache.catalina.authenticator.AuthenticatorBase.invoke(AuthenticatorBase.java:540)
	at org.apache.catalina.core.StandardHostValve.invoke(StandardHostValve.java:135)
	at org.apache.catalina.valves.ErrorReportValve.invoke(ErrorReportValve.java:92)
	at org.apache.catalina.core.StandardEngineValve.invoke(StandardEngineValve.java:78)
	at org.apache.catalina.connector.CoyoteAdapter.service(CoyoteAdapter.java:359)
	at org.apache.coyote.http11.Http11Processor.service(Http11Processor.java:399)
	at org.apache.coyote.AbstractProcessorLight.process(AbstractProcessorLight.java:65)
	at org.apache.coyote.AbstractProtocol$ConnectionHandler.process(AbstractProtocol.java:889)
	at org.apache.tomcat.util.net.NioEndpoint$SocketProcessor.doRun(NioEndpoint.java:1735)
	at org.apache.tomcat.util.net.SocketProcessorBase.run(SocketProcessorBase.java:49)
	at org.apache.tomcat.util.threads.ThreadPoolExecutor.runWorker(ThreadPoolExecutor.java:1191)
	at org.apache.tomcat.util.threads.ThreadPoolExecutor$Worker.run(ThreadPoolExecutor.java:659)
	at org.apache.tomcat.util.threads.TaskThread$WrappingRunnable.run(TaskThread.java:61)
	at java.base/java.lang.Thread.run(Thread.java:840)

[2m2024-01-09 13:42:41.286[0;39m [31mERROR[0;39m [35m3182662[0;39m [2m---[0;39m [2m[  http-nio-80-exec-2][0;39m [36mcom.gitbitex.openapi.ExceptionAdvise    [0;39m [2m:[0;39m http error

java.lang.NumberFormatException: Character s is neither a decimal digit number, decimal point, nor "e" notation exponential mark.
	at java.base/java.math.BigDecimal.<init>(BigDecimal.java:586)
	at java.base/java.math.BigDecimal.<init>(BigDecimal.java:471)
	at java.base/java.math.BigDecimal.<init>(BigDecimal.java:900)
	at com.gitbitex.openapi.controller.OrderController.placeOrder(OrderController.java:52)
	at java.base/jdk.internal.reflect.NativeMethodAccessorImpl.invoke0(Native Method)
	at java.base/jdk.internal.reflect.NativeMethodAccessorImpl.invoke(NativeMethodAccessorImpl.java:77)
	at java.base/jdk.internal.reflect.DelegatingMethodAccessorImpl.invoke(DelegatingMethodAccessorImpl.java:43)
	at java.base/java.lang.reflect.Method.invoke(Method.java:568)
	at org.springframework.web.method.support.InvocableHandlerMethod.doInvoke(InvocableHandlerMethod.java:205)
	at org.springframework.web.method.support.InvocableHandlerMethod.invokeForRequest(InvocableHandlerMethod.java:150)
	at org.springframework.web.servlet.mvc.method.annotation.ServletInvocableHandlerMethod.invokeAndHandle(ServletInvocableHandlerMethod.java:117)
	at org.springframework.web.servlet.mvc.method.annotation.RequestMappingHandlerAdapter.invokeHandlerMethod(RequestMappingHandlerAdapter.java:895)
	at org.springframework.web.servlet.mvc.method.annotation.RequestMappingHandlerAdapter.handleInternal(RequestMappingHandlerAdapter.java:808)
	at org.springframework.web.servlet.mvc.method.AbstractHandlerMethodAdapter.handle(AbstractHandlerMethodAdapter.java:87)
	at org.springframework.web.servlet.DispatcherServlet.doDispatch(DispatcherServlet.java:1067)
	at org.springframework.web.servlet.DispatcherServlet.doService(DispatcherServlet.java:963)
	at org.springframework.web.servlet.FrameworkServlet.processRequest(FrameworkServlet.java:1006)
	at org.springframework.web.servlet.FrameworkServlet.doPost(FrameworkServlet.java:909)
	at javax.servlet.http.HttpServlet.service(HttpServlet.java:681)
	at org.springframework.web.servlet.FrameworkServlet.service(FrameworkServlet.java:883)
	at javax.servlet.http.HttpServlet.service(HttpServlet.java:764)
	at org.apache.catalina.core.ApplicationFilterChain.internalDoFilter(ApplicationFilterChain.java:227)
	at org.apache.catalina.core.ApplicationFilterChain.doFilter(ApplicationFilterChain.java:162)
	at org.apache.tomcat.websocket.server.WsFilter.doFilter(WsFilter.java:53)
	at org.apache.catalina.core.ApplicationFilterChain.internalDoFilter(ApplicationFilterChain.java:189)
	at org.apache.catalina.core.ApplicationFilterChain.doFilter(ApplicationFilterChain.java:162)
	at org.springframework.web.filter.RequestContextFilter.doFilterInternal(RequestContextFilter.java:100)
	at org.springframework.web.filter.OncePerRequestFilter.doFilter(OncePerRequestFilter.java:117)
	at org.apache.catalina.core.ApplicationFilterChain.internalDoFilter(ApplicationFilterChain.java:189)
	at org.apache.catalina.core.ApplicationFilterChain.doFilter(ApplicationFilterChain.java:162)
	at org.springframework.web.filter.FormContentFilter.doFilterInternal(FormContentFilter.java:93)
	at org.springframework.web.filter.OncePerRequestFilter.doFilter(OncePerRequestFilter.java:117)
	at org.apache.catalina.core.ApplicationFilterChain.internalDoFilter(ApplicationFilterChain.java:189)
	at org.apache.catalina.core.ApplicationFilterChain.doFilter(ApplicationFilterChain.java:162)
	at org.springframework.boot.actuate.metrics.web.servlet.WebMvcMetricsFilter.doFilterInternal(WebMvcMetricsFilter.java:96)
	at org.springframework.web.filter.OncePerRequestFilter.doFilter(OncePerRequestFilter.java:117)
	at org.apache.catalina.core.ApplicationFilterChain.internalDoFilter(ApplicationFilterChain.java:189)
	at org.apache.catalina.core.ApplicationFilterChain.doFilter(ApplicationFilterChain.java:162)
	at org.springframework.web.filter.CharacterEncodingFilter.doFilterInternal(CharacterEncodingFilter.java:201)
	at org.springframework.web.filter.OncePerRequestFilter.doFilter(OncePerRequestFilter.java:117)
	at org.apache.catalina.core.ApplicationFilterChain.internalDoFilter(ApplicationFilterChain.java:189)
	at org.apache.catalina.core.ApplicationFilterChain.doFilter(ApplicationFilterChain.java:162)
	at org.apache.catalina.core.StandardWrapperValve.invoke(StandardWrapperValve.java:197)
	at org.apache.catalina.core.StandardContextValve.invoke(StandardContextValve.java:97)
	at org.apache.catalina.authenticator.AuthenticatorBase.invoke(AuthenticatorBase.java:540)
	at org.apache.catalina.core.StandardHostValve.invoke(StandardHostValve.java:135)
	at org.apache.catalina.valves.ErrorReportValve.invoke(ErrorReportValve.java:92)
	at org.apache.catalina.core.StandardEngineValve.invoke(StandardEngineValve.java:78)
	at org.apache.catalina.connector.CoyoteAdapter.service(CoyoteAdapter.java:359)
	at org.apache.coyote.http11.Http11Processor.service(Http11Processor.java:399)
	at org.apache.coyote.AbstractProcessorLight.process(AbstractProcessorLight.java:65)
	at org.apache.coyote.AbstractProtocol$ConnectionHandler.process(AbstractProtocol.java:889)
	at org.apache.tomcat.util.net.NioEndpoint$SocketProcessor.doRun(NioEndpoint.java:1735)
	at org.apache.tomcat.util.net.SocketProcessorBase.run(SocketProcessorBase.java:49)
	at org.apache.tomcat.util.threads.ThreadPoolExecutor.runWorker(ThreadPoolExecutor.java:1191)
	at org.apache.tomcat.util.threads.ThreadPoolExecutor$Worker.run(ThreadPoolExecutor.java:659)
	at org.apache.tomcat.util.threads.TaskThread$WrappingRunnable.run(TaskThread.java:61)
	at java.base/java.lang.Thread.run(Thread.java:840)

[2m2024-01-09 13:42:58.133[0;39m [31mERROR[0;39m [35m3182662[0;39m [2m---[0;39m [2m[  http-nio-80-exec-6][0;39m [36mcom.gitbitex.openapi.ExceptionAdvise    [0;39m [2m:[0;39m http error

java.lang.NumberFormatException: Character s is neither a decimal digit number, decimal point, nor "e" notation exponential mark.
	at java.base/java.math.BigDecimal.<init>(BigDecimal.java:586)
	at java.base/java.math.BigDecimal.<init>(BigDecimal.java:471)
	at java.base/java.math.BigDecimal.<init>(BigDecimal.java:900)
	at com.gitbitex.openapi.controller.OrderController.placeOrder(OrderController.java:53)
	at java.base/jdk.internal.reflect.NativeMethodAccessorImpl.invoke0(Native Method)
	at java.base/jdk.internal.reflect.NativeMethodAccessorImpl.invoke(NativeMethodAccessorImpl.java:77)
	at java.base/jdk.internal.reflect.DelegatingMethodAccessorImpl.invoke(DelegatingMethodAccessorImpl.java:43)
	at java.base/java.lang.reflect.Method.invoke(Method.java:568)
	at org.springframework.web.method.support.InvocableHandlerMethod.doInvoke(InvocableHandlerMethod.java:205)
	at org.springframework.web.method.support.InvocableHandlerMethod.invokeForRequest(InvocableHandlerMethod.java:150)
	at org.springframework.web.servlet.mvc.method.annotation.ServletInvocableHandlerMethod.invokeAndHandle(ServletInvocableHandlerMethod.java:117)
	at org.springframework.web.servlet.mvc.method.annotation.RequestMappingHandlerAdapter.invokeHandlerMethod(RequestMappingHandlerAdapter.java:895)
	at org.springframework.web.servlet.mvc.method.annotation.RequestMappingHandlerAdapter.handleInternal(RequestMappingHandlerAdapter.java:808)
	at org.springframework.web.servlet.mvc.method.AbstractHandlerMethodAdapter.handle(AbstractHandlerMethodAdapter.java:87)
	at org.springframework.web.servlet.DispatcherServlet.doDispatch(DispatcherServlet.java:1067)
	at org.springframework.web.servlet.DispatcherServlet.doService(DispatcherServlet.java:963)
	at org.springframework.web.servlet.FrameworkServlet.processRequest(FrameworkServlet.java:1006)
	at org.springframework.web.servlet.FrameworkServlet.doPost(FrameworkServlet.java:909)
	at javax.servlet.http.HttpServlet.service(HttpServlet.java:681)
	at org.springframework.web.servlet.FrameworkServlet.service(FrameworkServlet.java:883)
	at javax.servlet.http.HttpServlet.service(HttpServlet.java:764)
	at org.apache.catalina.core.ApplicationFilterChain.internalDoFilter(ApplicationFilterChain.java:227)
	at org.apache.catalina.core.ApplicationFilterChain.doFilter(ApplicationFilterChain.java:162)
	at org.apache.tomcat.websocket.server.WsFilter.doFilter(WsFilter.java:53)
	at org.apache.catalina.core.ApplicationFilterChain.internalDoFilter(ApplicationFilterChain.java:189)
	at org.apache.catalina.core.ApplicationFilterChain.doFilter(ApplicationFilterChain.java:162)
	at org.springframework.web.filter.RequestContextFilter.doFilterInternal(RequestContextFilter.java:100)
	at org.springframework.web.filter.OncePerRequestFilter.doFilter(OncePerRequestFilter.java:117)
	at org.apache.catalina.core.ApplicationFilterChain.internalDoFilter(ApplicationFilterChain.java:189)
	at org.apache.catalina.core.ApplicationFilterChain.doFilter(ApplicationFilterChain.java:162)
	at org.springframework.web.filter.FormContentFilter.doFilterInternal(FormContentFilter.java:93)
	at org.springframework.web.filter.OncePerRequestFilter.doFilter(OncePerRequestFilter.java:117)
	at org.apache.catalina.core.ApplicationFilterChain.internalDoFilter(ApplicationFilterChain.java:189)
	at org.apache.catalina.core.ApplicationFilterChain.doFilter(ApplicationFilterChain.java:162)
	at org.springframework.boot.actuate.metrics.web.servlet.WebMvcMetricsFilter.doFilterInternal(WebMvcMetricsFilter.java:96)
	at org.springframework.web.filter.OncePerRequestFilter.doFilter(OncePerRequestFilter.java:117)
	at org.apache.catalina.core.ApplicationFilterChain.internalDoFilter(ApplicationFilterChain.java:189)
	at org.apache.catalina.core.ApplicationFilterChain.doFilter(ApplicationFilterChain.java:162)
	at org.springframework.web.filter.CharacterEncodingFilter.doFilterInternal(CharacterEncodingFilter.java:201)
	at org.springframework.web.filter.OncePerRequestFilter.doFilter(OncePerRequestFilter.java:117)
	at org.apache.catalina.core.ApplicationFilterChain.internalDoFilter(ApplicationFilterChain.java:189)
	at org.apache.catalina.core.ApplicationFilterChain.doFilter(ApplicationFilterChain.java:162)
	at org.apache.catalina.core.StandardWrapperValve.invoke(StandardWrapperValve.java:197)
	at org.apache.catalina.core.StandardContextValve.invoke(StandardContextValve.java:97)
	at org.apache.catalina.authenticator.AuthenticatorBase.invoke(AuthenticatorBase.java:540)
	at org.apache.catalina.core.StandardHostValve.invoke(StandardHostValve.java:135)
	at org.apache.catalina.valves.ErrorReportValve.invoke(ErrorReportValve.java:92)
	at org.apache.catalina.core.StandardEngineValve.invoke(StandardEngineValve.java:78)
	at org.apache.catalina.connector.CoyoteAdapter.service(CoyoteAdapter.java:359)
	at org.apache.coyote.http11.Http11Processor.service(Http11Processor.java:399)
	at org.apache.coyote.AbstractProcessorLight.process(AbstractProcessorLight.java:65)
	at org.apache.coyote.AbstractProtocol$ConnectionHandler.process(AbstractProtocol.java:889)
	at org.apache.tomcat.util.net.NioEndpoint$SocketProcessor.doRun(NioEndpoint.java:1735)
	at org.apache.tomcat.util.net.SocketProcessorBase.run(SocketProcessorBase.java:49)
	at org.apache.tomcat.util.threads.ThreadPoolExecutor.runWorker(ThreadPoolExecutor.java:1191)
	at org.apache.tomcat.util.threads.ThreadPoolExecutor$Worker.run(ThreadPoolExecutor.java:659)
	at org.apache.tomcat.util.threads.TaskThread$WrappingRunnable.run(TaskThread.java:61)
	at java.base/java.lang.Thread.run(Thread.java:840)

[2m2024-01-09 13:43:30.447[0;39m [31mERROR[0;39m [35m3182662[0;39m [2m---[0;39m [2m[  http-nio-80-exec-7][0;39m [36mcom.gitbitex.openapi.ExceptionAdvise    [0;39m [2m:[0;39m http error

java.lang.NumberFormatException: Character s is neither a decimal digit number, decimal point, nor "e" notation exponential mark.
	at java.base/java.math.BigDecimal.<init>(BigDecimal.java:586)
	at java.base/java.math.BigDecimal.<init>(BigDecimal.java:471)
	at java.base/java.math.BigDecimal.<init>(BigDecimal.java:900)
	at com.gitbitex.openapi.controller.OrderController.placeOrder(OrderController.java:53)
	at java.base/jdk.internal.reflect.NativeMethodAccessorImpl.invoke0(Native Method)
	at java.base/jdk.internal.reflect.NativeMethodAccessorImpl.invoke(NativeMethodAccessorImpl.java:77)
	at java.base/jdk.internal.reflect.DelegatingMethodAccessorImpl.invoke(DelegatingMethodAccessorImpl.java:43)
	at java.base/java.lang.reflect.Method.invoke(Method.java:568)
	at org.springframework.web.method.support.InvocableHandlerMethod.doInvoke(InvocableHandlerMethod.java:205)
	at org.springframework.web.method.support.InvocableHandlerMethod.invokeForRequest(InvocableHandlerMethod.java:150)
	at org.springframework.web.servlet.mvc.method.annotation.ServletInvocableHandlerMethod.invokeAndHandle(ServletInvocableHandlerMethod.java:117)
	at org.springframework.web.servlet.mvc.method.annotation.RequestMappingHandlerAdapter.invokeHandlerMethod(RequestMappingHandlerAdapter.java:895)
	at org.springframework.web.servlet.mvc.method.annotation.RequestMappingHandlerAdapter.handleInternal(RequestMappingHandlerAdapter.java:808)
	at org.springframework.web.servlet.mvc.method.AbstractHandlerMethodAdapter.handle(AbstractHandlerMethodAdapter.java:87)
	at org.springframework.web.servlet.DispatcherServlet.doDispatch(DispatcherServlet.java:1067)
	at org.springframework.web.servlet.DispatcherServlet.doService(DispatcherServlet.java:963)
	at org.springframework.web.servlet.FrameworkServlet.processRequest(FrameworkServlet.java:1006)
	at org.springframework.web.servlet.FrameworkServlet.doPost(FrameworkServlet.java:909)
	at javax.servlet.http.HttpServlet.service(HttpServlet.java:681)
	at org.springframework.web.servlet.FrameworkServlet.service(FrameworkServlet.java:883)
	at javax.servlet.http.HttpServlet.service(HttpServlet.java:764)
	at org.apache.catalina.core.ApplicationFilterChain.internalDoFilter(ApplicationFilterChain.java:227)
	at org.apache.catalina.core.ApplicationFilterChain.doFilter(ApplicationFilterChain.java:162)
	at org.apache.tomcat.websocket.server.WsFilter.doFilter(WsFilter.java:53)
	at org.apache.catalina.core.ApplicationFilterChain.internalDoFilter(ApplicationFilterChain.java:189)
	at org.apache.catalina.core.ApplicationFilterChain.doFilter(ApplicationFilterChain.java:162)
	at org.springframework.web.filter.RequestContextFilter.doFilterInternal(RequestContextFilter.java:100)
	at org.springframework.web.filter.OncePerRequestFilter.doFilter(OncePerRequestFilter.java:117)
	at org.apache.catalina.core.ApplicationFilterChain.internalDoFilter(ApplicationFilterChain.java:189)
	at org.apache.catalina.core.ApplicationFilterChain.doFilter(ApplicationFilterChain.java:162)
	at org.springframework.web.filter.FormContentFilter.doFilterInternal(FormContentFilter.java:93)
	at org.springframework.web.filter.OncePerRequestFilter.doFilter(OncePerRequestFilter.java:117)
	at org.apache.catalina.core.ApplicationFilterChain.internalDoFilter(ApplicationFilterChain.java:189)
	at org.apache.catalina.core.ApplicationFilterChain.doFilter(ApplicationFilterChain.java:162)
	at org.springframework.boot.actuate.metrics.web.servlet.WebMvcMetricsFilter.doFilterInternal(WebMvcMetricsFilter.java:96)
	at org.springframework.web.filter.OncePerRequestFilter.doFilter(OncePerRequestFilter.java:117)
	at org.apache.catalina.core.ApplicationFilterChain.internalDoFilter(ApplicationFilterChain.java:189)
	at org.apache.catalina.core.ApplicationFilterChain.doFilter(ApplicationFilterChain.java:162)
	at org.springframework.web.filter.CharacterEncodingFilter.doFilterInternal(CharacterEncodingFilter.java:201)
	at org.springframework.web.filter.OncePerRequestFilter.doFilter(OncePerRequestFilter.java:117)
	at org.apache.catalina.core.ApplicationFilterChain.internalDoFilter(ApplicationFilterChain.java:189)
	at org.apache.catalina.core.ApplicationFilterChain.doFilter(ApplicationFilterChain.java:162)
	at org.apache.catalina.core.StandardWrapperValve.invoke(StandardWrapperValve.java:197)
	at org.apache.catalina.core.StandardContextValve.invoke(StandardContextValve.java:97)
	at org.apache.catalina.authenticator.AuthenticatorBase.invoke(AuthenticatorBase.java:540)
	at org.apache.catalina.core.StandardHostValve.invoke(StandardHostValve.java:135)
	at org.apache.catalina.valves.ErrorReportValve.invoke(ErrorReportValve.java:92)
	at org.apache.catalina.core.StandardEngineValve.invoke(StandardEngineValve.java:78)
	at org.apache.catalina.connector.CoyoteAdapter.service(CoyoteAdapter.java:359)
	at org.apache.coyote.http11.Http11Processor.service(Http11Processor.java:399)
	at org.apache.coyote.AbstractProcessorLight.process(AbstractProcessorLight.java:65)
	at org.apache.coyote.AbstractProtocol$ConnectionHandler.process(AbstractProtocol.java:889)
	at org.apache.tomcat.util.net.NioEndpoint$SocketProcessor.doRun(NioEndpoint.java:1735)
	at org.apache.tomcat.util.net.SocketProcessorBase.run(SocketProcessorBase.java:49)
	at org.apache.tomcat.util.threads.ThreadPoolExecutor.runWorker(ThreadPoolExecutor.java:1191)
	at org.apache.tomcat.util.threads.ThreadPoolExecutor$Worker.run(ThreadPoolExecutor.java:659)
	at org.apache.tomcat.util.threads.TaskThread$WrappingRunnable.run(TaskThread.java:61)
	at java.base/java.lang.Thread.run(Thread.java:840)

[2m2024-01-09 13:43:37.186[0;39m [31mERROR[0;39m [35m3182662[0;39m [2m---[0;39m [2m[  http-nio-80-exec-8][0;39m [36mcom.gitbitex.openapi.ExceptionAdvise    [0;39m [2m:[0;39m http error: 400 BAD_REQUEST "product not found: ETH_USDT" /api/orders
[2m2024-01-09 13:43:57.694[0;39m [31mERROR[0;39m [35m3182662[0;39m [2m---[0;39m [2m[  http-nio-80-exec-1][0;39m [36mcom.gitbitex.openapi.ExceptionAdvise    [0;39m [2m:[0;39m http error

java.lang.IllegalArgumentException: No enum constant com.gitbitex.enums.TimeInForce.GTD
	at java.base/java.lang.Enum.valueOf(Enum.java:273)
	at com.gitbitex.enums.TimeInForce.valueOf(TimeInForce.java:3)
	at com.gitbitex.openapi.controller.OrderController.placeOrder(OrderController.java:56)
	at java.base/jdk.internal.reflect.NativeMethodAccessorImpl.invoke0(Native Method)
	at java.base/jdk.internal.reflect.NativeMethodAccessorImpl.invoke(NativeMethodAccessorImpl.java:77)
	at java.base/jdk.internal.reflect.DelegatingMethodAccessorImpl.invoke(DelegatingMethodAccessorImpl.java:43)
	at java.base/java.lang.reflect.Method.invoke(Method.java:568)
	at org.springframework.web.method.support.InvocableHandlerMethod.doInvoke(InvocableHandlerMethod.java:205)
	at org.springframework.web.method.support.InvocableHandlerMethod.invokeForRequest(InvocableHandlerMethod.java:150)
	at org.springframework.web.servlet.mvc.method.annotation.ServletInvocableHandlerMethod.invokeAndHandle(ServletInvocableHandlerMethod.java:117)
	at org.springframework.web.servlet.mvc.method.annotation.RequestMappingHandlerAdapter.invokeHandlerMethod(RequestMappingHandlerAdapter.java:895)
	at org.springframework.web.servlet.mvc.method.annotation.RequestMappingHandlerAdapter.handleInternal(RequestMappingHandlerAdapter.java:808)
	at org.springframework.web.servlet.mvc.method.AbstractHandlerMethodAdapter.handle(AbstractHandlerMethodAdapter.java:87)
	at org.springframework.web.servlet.DispatcherServlet.doDispatch(DispatcherServlet.java:1067)
	at org.springframework.web.servlet.DispatcherServlet.doService(DispatcherServlet.java:963)
	at org.springframework.web.servlet.FrameworkServlet.processRequest(FrameworkServlet.java:1006)
	at org.springframework.web.servlet.FrameworkServlet.doPost(FrameworkServlet.java:909)
	at javax.servlet.http.HttpServlet.service(HttpServlet.java:681)
	at org.springframework.web.servlet.FrameworkServlet.service(FrameworkServlet.java:883)
	at javax.servlet.http.HttpServlet.service(HttpServlet.java:764)
	at org.apache.catalina.core.ApplicationFilterChain.internalDoFilter(ApplicationFilterChain.java:227)
	at org.apache.catalina.core.ApplicationFilterChain.doFilter(ApplicationFilterChain.java:162)
	at org.apache.tomcat.websocket.server.WsFilter.doFilter(WsFilter.java:53)
	at org.apache.catalina.core.ApplicationFilterChain.internalDoFilter(ApplicationFilterChain.java:189)
	at org.apache.catalina.core.ApplicationFilterChain.doFilter(ApplicationFilterChain.java:162)
	at org.springframework.web.filter.RequestContextFilter.doFilterInternal(RequestContextFilter.java:100)
	at org.springframework.web.filter.OncePerRequestFilter.doFilter(OncePerRequestFilter.java:117)
	at org.apache.catalina.core.ApplicationFilterChain.internalDoFilter(ApplicationFilterChain.java:189)
	at org.apache.catalina.core.ApplicationFilterChain.doFilter(ApplicationFilterChain.java:162)
	at org.springframework.web.filter.FormContentFilter.doFilterInternal(FormContentFilter.java:93)
	at org.springframework.web.filter.OncePerRequestFilter.doFilter(OncePerRequestFilter.java:117)
	at org.apache.catalina.core.ApplicationFilterChain.internalDoFilter(ApplicationFilterChain.java:189)
	at org.apache.catalina.core.ApplicationFilterChain.doFilter(ApplicationFilterChain.java:162)
	at org.springframework.boot.actuate.metrics.web.servlet.WebMvcMetricsFilter.doFilterInternal(WebMvcMetricsFilter.java:96)
	at org.springframework.web.filter.OncePerRequestFilter.doFilter(OncePerRequestFilter.java:117)
	at org.apache.catalina.core.ApplicationFilterChain.internalDoFilter(ApplicationFilterChain.java:189)
	at org.apache.catalina.core.ApplicationFilterChain.doFilter(ApplicationFilterChain.java:162)
	at org.springframework.web.filter.CharacterEncodingFilter.doFilterInternal(CharacterEncodingFilter.java:201)
	at org.springframework.web.filter.OncePerRequestFilter.doFilter(OncePerRequestFilter.java:117)
	at org.apache.catalina.core.ApplicationFilterChain.internalDoFilter(ApplicationFilterChain.java:189)
	at org.apache.catalina.core.ApplicationFilterChain.doFilter(ApplicationFilterChain.java:162)
	at org.apache.catalina.core.StandardWrapperValve.invoke(StandardWrapperValve.java:197)
	at org.apache.catalina.core.StandardContextValve.invoke(StandardContextValve.java:97)
	at org.apache.catalina.authenticator.AuthenticatorBase.invoke(AuthenticatorBase.java:540)
	at org.apache.catalina.core.StandardHostValve.invoke(StandardHostValve.java:135)
	at org.apache.catalina.valves.ErrorReportValve.invoke(ErrorReportValve.java:92)
	at org.apache.catalina.core.StandardEngineValve.invoke(StandardEngineValve.java:78)
	at org.apache.catalina.connector.CoyoteAdapter.service(CoyoteAdapter.java:359)
	at org.apache.coyote.http11.Http11Processor.service(Http11Processor.java:399)
	at org.apache.coyote.AbstractProcessorLight.process(AbstractProcessorLight.java:65)
	at org.apache.coyote.AbstractProtocol$ConnectionHandler.process(AbstractProtocol.java:889)
	at org.apache.tomcat.util.net.NioEndpoint$SocketProcessor.doRun(NioEndpoint.java:1735)
	at org.apache.tomcat.util.net.SocketProcessorBase.run(SocketProcessorBase.java:49)
	at org.apache.tomcat.util.threads.ThreadPoolExecutor.runWorker(ThreadPoolExecutor.java:1191)
	at org.apache.tomcat.util.threads.ThreadPoolExecutor$Worker.run(ThreadPoolExecutor.java:659)
	at org.apache.tomcat.util.threads.TaskThread$WrappingRunnable.run(TaskThread.java:61)
	at java.base/java.lang.Thread.run(Thread.java:840)

[2m2024-01-09 13:44:26.467[0;39m [33m WARN[0;39m [35m3182662[0;39m [2m---[0;39m [2m[   MatchingEngine-72][0;39m [36mcom.gitbitex.matchingengine.OrderBook   [0;39m [2m:[0;39m order rejected, reason: INSUFFICIENT_FUNDS: {"funds":1.00000000,"id":"123ae317-17bd-45f7-9100-b0a3e654a662","postOnly":false,"price":1.00,"productId":"ETH-USDT","remainingFunds":1.00000000,"remainingSize":1.000000,"sequence":1,"side":"BUY","size":1.000000,"time":1704807866342,"type":"LIMIT","userId":"puneet"}
[2m2024-01-09 13:44:26.624[0;39m [32m INFO[0;39m [35m3182662[0;39m [2m---[0;39m [2m[            Order-73][0;39m [36mc.g.marketdata.OrderPersistenceThread   [0;39m [2m:[0;39m saved 1 order(s) (14ms)
[2m2024-01-09 13:44:29.468[0;39m [32m INFO[0;39m [35m3182662[0;39m [2m---[0;39m [2m[ngineSnapshotTaker-0][0;39m [36mc.g.matchingengine.EngineSnapshotTaker  [0;39m [2m:[0;39m state saved: commandOffset=2, 0 account(s), 1 order(s), 0 product(s) (15ms)
[2m2024-01-09 13:46:25.159[0;39m [32m INFO[0;39m [35m3182662[0;39m [2m---[0;39m [2m[          Account-75][0;39m [36mc.g.marketdata.AccountPersistenceThread [0;39m [2m:[0;39m saved 1 account(s) (7ms)
[2m2024-01-09 13:46:25.159[0;39m [32m INFO[0;39m [35m3182662[0;39m [2m---[0;39m [2m[            Order-73][0;39m [36mc.g.marketdata.OrderPersistenceThread   [0;39m [2m:[0;39m saved 1 order(s) (6ms)
[2m2024-01-09 13:46:29.492[0;39m [32m INFO[0;39m [35m3182662[0;39m [2m---[0;39m [2m[ngineSnapshotTaker-0][0;39m [36mc.g.matchingengine.EngineSnapshotTaker  [0;39m [2m:[0;39m state saved: commandOffset=3, 1 account(s), 1 order(s), 0 product(s) (15ms)
[2m2024-01-09 13:46:53.169[0;39m [32m INFO[0;39m [35m3182662[0;39m [2m---[0;39m [2m[            Order-73][0;39m [36mc.g.marketdata.OrderPersistenceThread   [0;39m [2m:[0;39m saved 1 order(s) (8ms)
[2m2024-01-09 13:46:53.169[0;39m [32m INFO[0;39m [35m3182662[0;39m [2m---[0;39m [2m[          Account-75][0;39m [36mc.g.marketdata.AccountPersistenceThread [0;39m [2m:[0;39m saved 1 account(s) (9ms)
[2m2024-01-09 13:46:54.509[0;39m [32m INFO[0;39m [35m3182662[0;39m [2m---[0;39m [2m[ngineSnapshotTaker-0][0;39m [36mc.g.matchingengine.EngineSnapshotTaker  [0;39m [2m:[0;39m state saved: commandOffset=4, 1 account(s), 1 order(s), 0 product(s) (12ms)
[2m2024-01-09 13:47:28.179[0;39m [32m INFO[0;39m [35m3182662[0;39m [2m---[0;39m [2m[            Order-73][0;39m [36mc.g.marketdata.OrderPersistenceThread   [0;39m [2m:[0;39m saved 1 order(s) (7ms)
[2m2024-01-09 13:47:28.182[0;39m [32m INFO[0;39m [35m3182662[0;39m [2m---[0;39m [2m[          Account-75][0;39m [36mc.g.marketdata.AccountPersistenceThread [0;39m [2m:[0;39m saved 1 account(s) (10ms)
[2m2024-01-09 13:47:29.524[0;39m [32m INFO[0;39m [35m3182662[0;39m [2m---[0;39m [2m[ngineSnapshotTaker-0][0;39m [36mc.g.matchingengine.EngineSnapshotTaker  [0;39m [2m:[0;39m state saved: commandOffset=5, 1 account(s), 1 order(s), 0 product(s) (11ms)
[2m2024-01-09 13:48:00.689[0;39m [32m INFO[0;39m [35m3182662[0;39m [2m---[0;39m [2m[          Account-75][0;39m [36mc.g.marketdata.AccountPersistenceThread [0;39m [2m:[0;39m saved 1 account(s) (7ms)
[2m2024-01-09 13:48:00.693[0;39m [32m INFO[0;39m [35m3182662[0;39m [2m---[0;39m [2m[            Order-73][0;39m [36mc.g.marketdata.OrderPersistenceThread   [0;39m [2m:[0;39m saved 1 order(s) (9ms)
[2m2024-01-09 13:48:04.540[0;39m [32m INFO[0;39m [35m3182662[0;39m [2m---[0;39m [2m[ngineSnapshotTaker-0][0;39m [36mc.g.matchingengine.EngineSnapshotTaker  [0;39m [2m:[0;39m state saved: commandOffset=6, 1 account(s), 1 order(s), 0 product(s) (13ms)
[2m2024-01-09 14:08:32.589[0;39m [32m INFO[0;39m [35m3182662[0;39m [2m---[0;39m [2m[           Ticker-81][0;39m [36mcom.gitbitex.marketdata.TickerThread    [0;39m [2m:[0;39m partition revoked: trade-0
[2m2024-01-09 14:08:32.590[0;39m [33m WARN[0;39m [35m3182662[0;39m [2m---[0;39m [2m[   MatchingEngine-72][0;39m [36mc.g.matchingengine.MatchingEngineThread [0;39m [2m:[0;39m partition revoked: matching-engine-command-0
[2m2024-01-09 14:08:32.589[0;39m [32m INFO[0;39m [35m3182662[0;39m [2m---[0;39m [2m[            Order-73][0;39m [36mc.g.marketdata.OrderPersistenceThread   [0;39m [2m:[0;39m partition revoked: order-0
[2m2024-01-09 14:08:32.589[0;39m [32m INFO[0;39m [35m3182662[0;39m [2m---[0;39m [2m[     CandlerMaker-79][0;39m [36mc.gitbitex.marketdata.CandleMakerThread [0;39m [2m:[0;39m partition revoked: trade-0
[2m2024-01-09 14:08:32.596[0;39m [32m INFO[0;39m [35m3182662[0;39m [2m---[0;39m [2m[          Account-75][0;39m [36mc.g.marketdata.AccountPersistenceThread [0;39m [2m:[0;39m partition revoked: account-0
[2m2024-01-09 14:08:32.598[0;39m [32m INFO[0;39m [35m3182662[0;39m [2m---[0;39m [2m[           Trade1-74][0;39m [36mc.g.marketdata.TradePersistenceThread   [0;39m [2m:[0;39m partition revoked: trade-0
[2m2024-01-09 14:08:32.600[0;39m [32m INFO[0;39m [35m3182662[0;39m [2m---[0;39m [2m[            Order-73][0;39m [36mc.g.marketdata.OrderPersistenceThread   [0;39m [2m:[0;39m exiting...
[2m2024-01-09 14:08:32.601[0;39m [32m INFO[0;39m [35m3182662[0;39m [2m---[0;39m [2m[           Ticker-81][0;39m [36mcom.gitbitex.marketdata.TickerThread    [0;39m [2m:[0;39m exiting...
[2m2024-01-09 14:08:32.608[0;39m [32m INFO[0;39m [35m3182662[0;39m [2m---[0;39m [2m[   MatchingEngine-72][0;39m [36mc.g.matchingengine.MatchingEngineThread [0;39m [2m:[0;39m exiting...
[2m2024-01-09 14:08:32.612[0;39m [32m INFO[0;39m [35m3182662[0;39m [2m---[0;39m [2m[     CandlerMaker-79][0;39m [36mc.gitbitex.marketdata.CandleMakerThread [0;39m [2m:[0;39m exiting...
[2m2024-01-09 14:08:32.613[0;39m [32m INFO[0;39m [35m3182662[0;39m [2m---[0;39m [2m[          Account-75][0;39m [36mc.g.marketdata.AccountPersistenceThread [0;39m [2m:[0;39m exiting...
[2m2024-01-09 14:08:32.617[0;39m [32m INFO[0;39m [35m3182662[0;39m [2m---[0;39m [2m[           Trade1-74][0;39m [36mc.g.marketdata.TradePersistenceThread   [0;39m [2m:[0;39m exiting...
